{"content": {"suites": {"0": {"status": {"total_pass": 2, "total_skip": 0, "total_xpass": 0, "total_xfail": 0, "total_rerun": 0, "total_fail": 3, "total_error": 0}, "tests": {"0": {"status": "PASS", "message": "", "test_name": "test_navigation_continue_btn", "rerun": "0"}, "1": {"status": "PASS", "message": "", "test_name": "test_navigation_login_btn", "rerun": "0"}, "2": {"status": "FAIL", "message": "   selenium.common.exceptions.TimeoutException: Message: \n   Stacktrace:\n   NoSuchElementError: An element could not be located on the page using the given search parameters.\n       at AndroidUiautomator2Driver.findElOrEls (/Applications/Appium Server GUI.app/Contents/Resources/app/node_modules/appium/node_modules/appium-android-driver/lib/commands/find.js:75:11)\n       at runMicrotasks (<anonymous>)\n       at processTicksAndRejections (internal/process/task_queues.js:85:5)\n", "test_name": "test_navigation_email_btn", "rerun": "0"}, "3": {"status": "FAIL", "message": "   selenium.common.exceptions.TimeoutException: Message: \n   Stacktrace:\n   NoSuchElementError: An element could not be located on the page using the given search parameters.\n       at AndroidUiautomator2Driver.findElOrEls (/Applications/Appium Server GUI.app/Contents/Resources/app/node_modules/appium/node_modules/appium-android-driver/lib/commands/find.js:75:11)\n       at processTicksAndRejections (internal/process/task_queues.js:85:5)\n", "test_name": "test_do_login_email", "rerun": "0"}, "4": {"status": "FAIL", "message": "   selenium.common.exceptions.TimeoutException: Message: \n   Stacktrace:\n   NoSuchElementError: An element could not be located on the page using the given search parameters.\n       at AndroidUiautomator2Driver.findElOrEls (/Applications/Appium Server GUI.app/Contents/Resources/app/node_modules/appium/node_modules/appium-android-driver/lib/commands/find.js:75:11)\n       at runMicrotasks (<anonymous>)\n       at processTicksAndRejections (internal/process/task_queues.js:85:5)\n", "test_name": "test_do_login_password", "rerun": "0"}}, "suite_name": "test_login.py"}}}, "date": "February 09, 2022", "start_time": 1644431415.7888331, "total_suite": 1, "status": "FAIL", "status_list": {"pass": "2", "fail": "3", "skip": "0", "error": "0", "xpass": "0", "xfail": "0", "rerun": "0"}, "total_tests": "5"}